build/app/intermediates/manifest_merge_blame_file/debug/manifest-merger-blame-debug-report.txt
1<?xml version="1.0" encoding="utf-8"?>
2<manifest xmlns:android="http://schemas.android.com/apk/res/android"
3    package="in.wealthaccrue.wealthaccrue"
4    android:versionCode="1"
5    android:versionName="1.0.0" >
6
7    <uses-sdk
8        android:minSdkVersion="21"
9        android:targetSdkVersion="29" />
10    <!--
11         Flutter needs it to communicate with the running application
12         to allow setting breakpoints, to provide hot reload, etc.
13    -->
14    <uses-permission android:name="android.permission.INTERNET" />
14-->src\debug\AndroidManifest.xml:6:5-66
14-->src\debug\AndroidManifest.xml:6:22-64
15    <uses-permission android:name="android.permission.WAKE_LOCK" />
15-->[:firebase_messaging] AndroidManifest.xml:8:5-68
15-->[:firebase_messaging] AndroidManifest.xml:8:22-65
16    <uses-permission android:name="android.permission.ACCESS_NETWORK_STATE" />
16-->[:firebase_messaging] AndroidManifest.xml:9:5-79
16-->[:firebase_messaging] AndroidManifest.xml:9:22-76
17
18    <queries>
18-->[:firebase_auth_oauth] AndroidManifest.xml:7:5-15:15
19        <intent>
19-->[:firebase_auth_oauth] AndroidManifest.xml:8:9-14:18
20            <action android:name="android.intent.action.VIEW" />
20-->src\main\AndroidManifest.xml:32:17-69
20-->src\main\AndroidManifest.xml:32:25-66
21
22            <category android:name="android.intent.category.BROWSABLE" />
22-->src\main\AndroidManifest.xml:33:17-78
22-->src\main\AndroidManifest.xml:33:27-75
23
24            <data android:scheme="https" />
24-->src\main\AndroidManifest.xml:35:17-39:19
24-->src\main\AndroidManifest.xml:37:21-47
25        </intent>
26        <intent>
26-->[:twitter_login] AndroidManifest.xml:8:9-10:18
27            <action android:name="android.support.customtabs.action.CustomTabsService" />
27-->[:twitter_login] AndroidManifest.xml:9:13-90
27-->[:twitter_login] AndroidManifest.xml:9:21-87
28        </intent>
29    </queries>
30
31    <uses-permission android:name="android.permission.RECEIVE_BOOT_COMPLETED" />
31-->[:flutter_local_notifications] AndroidManifest.xml:7:5-81
31-->[:flutter_local_notifications] AndroidManifest.xml:7:22-78
32    <uses-permission android:name="android.permission.VIBRATE" />
32-->[:flutter_local_notifications] AndroidManifest.xml:8:5-66
32-->[:flutter_local_notifications] AndroidManifest.xml:8:22-63
33    <uses-permission android:name="android.permission.USE_FULL_SCREEN_INTENT" />
33-->[:flutter_local_notifications] AndroidManifest.xml:9:5-81
33-->[:flutter_local_notifications] AndroidManifest.xml:9:22-78
34    <uses-permission android:name="android.permission.SCHEDULE_EXACT_ALARM" />
34-->[:flutter_local_notifications] AndroidManifest.xml:10:5-79
34-->[:flutter_local_notifications] AndroidManifest.xml:10:22-76
35    <uses-permission android:name="android.permission.USE_FINGERPRINT" />
35-->[:local_auth_android] AndroidManifest.xml:9:5-74
35-->[:local_auth_android] AndroidManifest.xml:9:22-71
36    <uses-permission android:name="android.permission.READ_EXTERNAL_STORAGE" />
36-->[com.smallcase.gateway:sdk:3.1.21] AndroidManifest.xml:11:5-80
36-->[com.smallcase.gateway:sdk:3.1.21] AndroidManifest.xml:11:22-77
37    <uses-permission
37-->[com.smallcase.gateway:sdk:3.1.21] AndroidManifest.xml:12:5-14:38
38        android:name="android.permission.WRITE_EXTERNAL_STORAGE"
38-->[com.smallcase.gateway:sdk:3.1.21] AndroidManifest.xml:13:9-65
39        android:maxSdkVersion="28" />
39-->[com.smallcase.gateway:sdk:3.1.21] AndroidManifest.xml:14:9-35
40    <uses-permission android:name="android.permission.RECORD_AUDIO" />
40-->[com.smallcase.gateway:sdk:3.1.21] AndroidManifest.xml:15:5-71
40-->[com.smallcase.gateway:sdk:3.1.21] AndroidManifest.xml:15:22-68
41    <uses-permission
41-->[com.smallcase.gateway:sdk:3.1.21] AndroidManifest.xml:16:5-18:35
42        android:name="android.permission.CAMERA"
42-->[com.smallcase.gateway:sdk:3.1.21] AndroidManifest.xml:17:9-49
43        android:required="true" />
43-->[com.smallcase.gateway:sdk:3.1.21] AndroidManifest.xml:18:9-32
44
45    <uses-feature
45-->[com.smallcase.gateway:sdk:3.1.21] AndroidManifest.xml:20:5-22:35
46        android:name="android.hardware.camera.any"
46-->[com.smallcase.gateway:sdk:3.1.21] AndroidManifest.xml:21:9-51
47        android:required="true" />
47-->[com.smallcase.gateway:sdk:3.1.21] AndroidManifest.xml:22:9-32
48    <uses-feature
48-->[com.smallcase.gateway:sdk:3.1.21] AndroidManifest.xml:23:5-25:36
49        android:name="android.hardware.telephony"
49-->[com.smallcase.gateway:sdk:3.1.21] AndroidManifest.xml:24:9-50
50        android:required="false" /> <!-- Required by older versions of Google Play services to create IID tokens -->
50-->[com.smallcase.gateway:sdk:3.1.21] AndroidManifest.xml:25:9-33
51    <uses-permission android:name="com.google.android.c2dm.permission.RECEIVE" />
51-->[com.google.firebase:firebase-messaging:23.0.5] AndroidManifest.xml:28:5-82
51-->[com.google.firebase:firebase-messaging:23.0.5] AndroidManifest.xml:28:22-79
52    <uses-permission android:name="com.google.android.gms.permission.AD_ID" />
52-->[com.google.android.gms:play-services-measurement-api:21.0.0] AndroidManifest.xml:25:5-79
52-->[com.google.android.gms:play-services-measurement-api:21.0.0] AndroidManifest.xml:25:22-76
53    <uses-permission android:name="android.permission.USE_BIOMETRIC" />
53-->[androidx.biometric:biometric:1.1.0] AndroidManifest.xml:24:5-72
53-->[androidx.biometric:biometric:1.1.0] AndroidManifest.xml:24:22-69
54    <uses-permission android:name="com.google.android.finsky.permission.BIND_GET_INSTALL_REFERRER_SERVICE" />
54-->[com.google.android.gms:play-services-measurement:21.0.0] AndroidManifest.xml:26:5-110
54-->[com.google.android.gms:play-services-measurement:21.0.0] AndroidManifest.xml:26:22-107
55
56    <application
57        android:name="android.app.Application"
57-->src\main\AndroidManifest.xml:5:9-42
58        android:appComponentFactory="androidx.core.app.CoreComponentFactory"
58-->[androidx.core:core:1.6.0] AndroidManifest.xml:24:18-86
59        android:debuggable="true"
60        android:icon="@mipmap/ic_launcher"
60-->src\main\AndroidManifest.xml:6:9-43
61        android:label="WealthAccrue"
61-->src\main\AndroidManifest.xml:4:9-37
62        android:supportsRtl="true"
62-->[com.facebook.android:facebook-login:13.2.0] AndroidManifest.xml:28:18-44
63        android:usesCleartextTraffic="true" >
63-->src\debug\AndroidManifest.xml:7:18-53
64
65        <!-- possibly other elements -->
66        <activity
66-->src\main\AndroidManifest.xml:7:9-28:20
67            android:name="com.example.wealthaccrue.MainActivity"
67-->src\main\AndroidManifest.xml:8:13-41
68            android:configChanges="orientation|keyboardHidden|keyboard|screenSize|smallestScreenSize|locale|layoutDirection|fontScale|screenLayout|density|uiMode"
68-->src\main\AndroidManifest.xml:12:13-163
69            android:exported="true"
69-->src\main\AndroidManifest.xml:9:13-36
70            android:hardwareAccelerated="true"
70-->src\main\AndroidManifest.xml:13:13-47
71            android:launchMode="singleTop"
71-->src\main\AndroidManifest.xml:10:13-43
72            android:theme="@style/LaunchTheme"
72-->src\main\AndroidManifest.xml:11:13-47
73            android:usesCleartextTraffic="true"
73-->src\main\AndroidManifest.xml:14:13-48
74            android:windowSoftInputMode="adjustResize" >
74-->src\main\AndroidManifest.xml:15:13-55
75
76            <!--
77                 Specifies an Android theme to apply to this Activity as soon as
78                 the Android process has started. This theme is visible to the user
79                 while the Flutter UI initializes. After that, this theme continues
80                 to determine the Window background behind the Flutter UI.
81            -->
82            <meta-data
82-->src\main\AndroidManifest.xml:20:13-23:17
83                android:name="io.flutter.embedding.android.NormalTheme"
83-->src\main\AndroidManifest.xml:21:15-70
84                android:resource="@style/NormalTheme" />
84-->src\main\AndroidManifest.xml:22:15-52
85
86            <intent-filter>
86-->src\main\AndroidManifest.xml:24:13-27:29
87                <action android:name="android.intent.action.MAIN" />
87-->src\main\AndroidManifest.xml:25:17-68
87-->src\main\AndroidManifest.xml:25:25-66
88
89                <category android:name="android.intent.category.LAUNCHER" />
89-->src\main\AndroidManifest.xml:26:17-76
89-->src\main\AndroidManifest.xml:26:27-74
90            </intent-filter>
91        </activity>
92        <activity
92-->src\main\AndroidManifest.xml:29:9-41:20
93            android:name="com.smallcase.gateway.screens.transaction.activity.TransactionProcessActivity"
93-->src\main\AndroidManifest.xml:29:19-111
94            android:exported="true"
94-->src\main\AndroidManifest.xml:30:11-34
95            android:launchMode="singleTask"
95-->[com.smallcase.gateway:sdk:3.1.21] AndroidManifest.xml:66:13-44
96            android:theme="@style/Theme.SmallcaseGateway" >
96-->[com.smallcase.gateway:sdk:3.1.21] AndroidManifest.xml:67:13-58
97            <intent-filter>
97-->src\main\AndroidManifest.xml:31:13-40:29
98                <action android:name="android.intent.action.VIEW" />
98-->src\main\AndroidManifest.xml:32:17-69
98-->src\main\AndroidManifest.xml:32:25-66
99
100                <category android:name="android.intent.category.BROWSABLE" />
100-->src\main\AndroidManifest.xml:33:17-78
100-->src\main\AndroidManifest.xml:33:27-75
101                <category android:name="android.intent.category.DEFAULT" />
101-->src\main\AndroidManifest.xml:34:17-76
101-->src\main\AndroidManifest.xml:34:27-73
102
103                <data
103-->src\main\AndroidManifest.xml:35:17-39:19
104                    android:host="wealthaccrue"
104-->src\main\AndroidManifest.xml:36:21-48
105                    android:scheme="scgateway" />
105-->src\main\AndroidManifest.xml:37:21-47
106            </intent-filter>
107        </activity>
108        <activity
108-->src\main\AndroidManifest.xml:43:9-54:20
109            android:name="com.smallcase.gateway.screens.common.RedirectActivity"
109-->src\main\AndroidManifest.xml:43:19-87
110            android:exported="true"
110-->src\main\AndroidManifest.xml:44:17-40
111            android:launchMode="singleTask"
111-->[com.smallcase.gateway:sdk:3.1.21] AndroidManifest.xml:62:13-44
112            android:theme="@style/Theme.SmallcaseGateway" >
112-->[com.smallcase.gateway:sdk:3.1.21] AndroidManifest.xml:63:13-58
113            <intent-filter>
113-->src\main\AndroidManifest.xml:45:13-53:29
114                <action android:name="android.intent.action.VIEW" />
114-->src\main\AndroidManifest.xml:32:17-69
114-->src\main\AndroidManifest.xml:32:25-66
115
116                <category android:name="android.intent.category.BROWSABLE" />
116-->src\main\AndroidManifest.xml:33:17-78
116-->src\main\AndroidManifest.xml:33:27-75
117                <category android:name="android.intent.category.DEFAULT" />
117-->src\main\AndroidManifest.xml:34:17-76
117-->src\main\AndroidManifest.xml:34:27-73
118
119                <data
119-->src\main\AndroidManifest.xml:35:17-39:19
120                    android:host="wealthaccrue"
120-->src\main\AndroidManifest.xml:36:21-48
121                    android:scheme="scgatewayredirect" />
121-->src\main\AndroidManifest.xml:37:21-47
122            </intent-filter>
123        </activity>
124        <!--
125 Don't delete the meta-data below.
126             This is used by the Flutter tool to generate GeneratedPluginRegistrant.java
127        -->
128        <meta-data
128-->src\main\AndroidManifest.xml:57:9-59:33
129            android:name="flutterEmbedding"
129-->src\main\AndroidManifest.xml:58:13-44
130            android:value="2" />
130-->src\main\AndroidManifest.xml:59:13-30
131
132        <service
132-->[:firebase_database] AndroidManifest.xml:8:9-12:19
133            android:name="com.google.firebase.components.ComponentDiscoveryService"
133-->[:firebase_database] AndroidManifest.xml:8:18-89
134            android:directBootAware="true"
134-->[com.google.firebase:firebase-common:20.1.1] AndroidManifest.xml:35:13-43
135            android:exported="false" >
135-->[com.google.firebase:firebase-appcheck-safetynet:16.0.0] AndroidManifest.xml:27:13-37
136            <meta-data
136-->[:firebase_database] AndroidManifest.xml:9:13-11:85
137                android:name="com.google.firebase.components:io.flutter.plugins.firebase.database.FlutterFirebaseAppRegistrar"
137-->[:firebase_database] AndroidManifest.xml:10:17-127
138                android:value="com.google.firebase.components.ComponentRegistrar" />
138-->[:firebase_database] AndroidManifest.xml:11:17-82
139            <meta-data
139-->[:firebase_messaging] AndroidManifest.xml:34:13-36:85
140                android:name="com.google.firebase.components:io.flutter.plugins.firebase.messaging.FlutterFirebaseAppRegistrar"
140-->[:firebase_messaging] AndroidManifest.xml:35:17-128
141                android:value="com.google.firebase.components.ComponentRegistrar" />
141-->[:firebase_messaging] AndroidManifest.xml:36:17-82
142            <meta-data
142-->[:firebase_app_check] AndroidManifest.xml:9:13-11:85
143                android:name="com.google.firebase.components:io.flutter.plugins.firebase.appcheck.FlutterFirebaseAppRegistrar"
143-->[:firebase_app_check] AndroidManifest.xml:10:17-127
144                android:value="com.google.firebase.components.ComponentRegistrar" />
144-->[:firebase_app_check] AndroidManifest.xml:11:17-82
145            <meta-data
145-->[:firebase_crashlytics] AndroidManifest.xml:9:13-11:85
146                android:name="com.google.firebase.components:io.flutter.plugins.firebase.crashlytics.FlutterFirebaseAppRegistrar"
146-->[:firebase_crashlytics] AndroidManifest.xml:10:17-130
147                android:value="com.google.firebase.components.ComponentRegistrar" />
147-->[:firebase_crashlytics] AndroidManifest.xml:11:17-82
148            <meta-data
148-->[:firebase_performance] AndroidManifest.xml:11:13-13:85
149                android:name="com.google.firebase.components:io.flutter.plugins.firebase.performance.FlutterFirebaseAppRegistrar"
149-->[:firebase_performance] AndroidManifest.xml:12:17-130
150                android:value="com.google.firebase.components.ComponentRegistrar" />
150-->[:firebase_performance] AndroidManifest.xml:13:17-82
151            <meta-data
151-->[:cloud_firestore] AndroidManifest.xml:9:13-11:85
152                android:name="com.google.firebase.components:io.flutter.plugins.firebase.firestore.FlutterFirebaseFirestoreRegistrar"
152-->[:cloud_firestore] AndroidManifest.xml:10:17-134
153                android:value="com.google.firebase.components.ComponentRegistrar" />
153-->[:cloud_firestore] AndroidManifest.xml:11:17-82
154            <meta-data
154-->[:firebase_dynamic_links] AndroidManifest.xml:11:13-13:85
155                android:name="com.google.firebase.components:io.flutter.plugins.firebase.dynamiclinks.FlutterFirebaseAppRegistrar"
155-->[:firebase_dynamic_links] AndroidManifest.xml:12:17-131
156                android:value="com.google.firebase.components.ComponentRegistrar" />
156-->[:firebase_dynamic_links] AndroidManifest.xml:13:17-82
157            <meta-data
157-->[:cloud_functions] AndroidManifest.xml:12:13-14:85
158                android:name="com.google.firebase.components:io.flutter.plugins.firebase.functions.FlutterFirebaseAppRegistrar"
158-->[:cloud_functions] AndroidManifest.xml:13:17-128
159                android:value="com.google.firebase.components.ComponentRegistrar" />
159-->[:cloud_functions] AndroidManifest.xml:14:17-82
160            <meta-data
160-->[:firebase_analytics] AndroidManifest.xml:13:13-15:85
161                android:name="com.google.firebase.components:io.flutter.plugins.firebase.analytics.FlutterFirebaseAppRegistrar"
161-->[:firebase_analytics] AndroidManifest.xml:14:17-128
162                android:value="com.google.firebase.components.ComponentRegistrar" />
162-->[:firebase_analytics] AndroidManifest.xml:15:17-82
163            <meta-data
163-->[:firebase_auth] AndroidManifest.xml:9:13-11:85
164                android:name="com.google.firebase.components:io.flutter.plugins.firebase.auth.FlutterFirebaseAuthRegistrar"
164-->[:firebase_auth] AndroidManifest.xml:10:17-124
165                android:value="com.google.firebase.components.ComponentRegistrar" />
165-->[:firebase_auth] AndroidManifest.xml:11:17-82
166            <meta-data
166-->[:firebase_core] AndroidManifest.xml:9:13-11:85
167                android:name="com.google.firebase.components:io.flutter.plugins.firebase.core.FlutterFirebaseCoreRegistrar"
167-->[:firebase_core] AndroidManifest.xml:10:17-124
168                android:value="com.google.firebase.components.ComponentRegistrar" />
168-->[:firebase_core] AndroidManifest.xml:11:17-82
169            <meta-data
169-->[com.google.firebase:firebase-appcheck-safetynet:16.0.0] AndroidManifest.xml:28:13-30:85
170                android:name="com.google.firebase.components:com.google.firebase.appcheck.safetynet.FirebaseAppCheckSafetyNetRegistrar"
170-->[com.google.firebase:firebase-appcheck-safetynet:16.0.0] AndroidManifest.xml:29:17-136
171                android:value="com.google.firebase.components.ComponentRegistrar" />
171-->[com.google.firebase:firebase-appcheck-safetynet:16.0.0] AndroidManifest.xml:30:17-82
172            <meta-data
172-->[com.google.firebase:firebase-perf:20.1.0] AndroidManifest.xml:23:13-25:85
173                android:name="com.google.firebase.components:com.google.firebase.perf.FirebasePerfRegistrar"
173-->[com.google.firebase:firebase-perf:20.1.0] AndroidManifest.xml:24:17-109
174                android:value="com.google.firebase.components.ComponentRegistrar" />
174-->[com.google.firebase:firebase-perf:20.1.0] AndroidManifest.xml:25:17-82
175            <meta-data
175-->[com.google.firebase:firebase-functions:20.1.0] AndroidManifest.xml:18:13-20:85
176                android:name="com.google.firebase.components:com.google.firebase.functions.FunctionsRegistrar"
176-->[com.google.firebase:firebase-functions:20.1.0] AndroidManifest.xml:19:17-111
177                android:value="com.google.firebase.components.ComponentRegistrar" />
177-->[com.google.firebase:firebase-functions:20.1.0] AndroidManifest.xml:20:17-82
178            <meta-data
178-->[com.google.firebase:firebase-appcheck-debug:16.0.0] AndroidManifest.xml:28:13-30:85
179                android:name="com.google.firebase.components:com.google.firebase.appcheck.debug.FirebaseAppCheckDebugRegistrar"
179-->[com.google.firebase:firebase-appcheck-debug:16.0.0] AndroidManifest.xml:29:17-128
180                android:value="com.google.firebase.components.ComponentRegistrar" />
180-->[com.google.firebase:firebase-appcheck-debug:16.0.0] AndroidManifest.xml:30:17-82
181            <meta-data
181-->[com.google.firebase:firebase-auth:21.0.5] AndroidManifest.xml:67:13-69:85
182                android:name="com.google.firebase.components:com.google.firebase.auth.FirebaseAuthRegistrar"
182-->[com.google.firebase:firebase-auth:21.0.5] AndroidManifest.xml:68:17-109
183                android:value="com.google.firebase.components.ComponentRegistrar" />
183-->[com.google.firebase:firebase-auth:21.0.5] AndroidManifest.xml:69:17-82
184            <meta-data
184-->[com.google.firebase:firebase-firestore:24.1.2] AndroidManifest.xml:20:13-22:85
185                android:name="com.google.firebase.components:com.google.firebase.firestore.FirestoreRegistrar"
185-->[com.google.firebase:firebase-firestore:24.1.2] AndroidManifest.xml:21:17-111
186                android:value="com.google.firebase.components.ComponentRegistrar" />
186-->[com.google.firebase:firebase-firestore:24.1.2] AndroidManifest.xml:22:17-82
187            <meta-data
187-->[com.google.firebase:firebase-messaging:23.0.5] AndroidManifest.xml:55:13-57:85
188                android:name="com.google.firebase.components:com.google.firebase.messaging.FirebaseMessagingRegistrar"
188-->[com.google.firebase:firebase-messaging:23.0.5] AndroidManifest.xml:56:17-119
189                android:value="com.google.firebase.components.ComponentRegistrar" />
189-->[com.google.firebase:firebase-messaging:23.0.5] AndroidManifest.xml:57:17-82
190            <meta-data
190-->[com.google.firebase:firebase-crashlytics:18.2.11] AndroidManifest.xml:18:13-20:85
191                android:name="com.google.firebase.components:com.google.firebase.crashlytics.CrashlyticsRegistrar"
191-->[com.google.firebase:firebase-crashlytics:18.2.11] AndroidManifest.xml:19:17-115
192                android:value="com.google.firebase.components.ComponentRegistrar" />
192-->[com.google.firebase:firebase-crashlytics:18.2.11] AndroidManifest.xml:20:17-82
193            <meta-data
193-->[com.google.firebase:firebase-dynamic-links:21.0.1] AndroidManifest.xml:27:13-29:85
194                android:name="com.google.firebase.components:com.google.firebase.dynamiclinks.internal.FirebaseDynamicLinkRegistrar"
194-->[com.google.firebase:firebase-dynamic-links:21.0.1] AndroidManifest.xml:28:17-133
195                android:value="com.google.firebase.components.ComponentRegistrar" />
195-->[com.google.firebase:firebase-dynamic-links:21.0.1] AndroidManifest.xml:29:17-82
196            <meta-data
196-->[com.google.firebase:firebase-database:20.0.5] AndroidManifest.xml:32:13-34:85
197                android:name="com.google.firebase.components:com.google.firebase.database.DatabaseRegistrar"
197-->[com.google.firebase:firebase-database:20.0.5] AndroidManifest.xml:33:17-109
198                android:value="com.google.firebase.components.ComponentRegistrar" />
198-->[com.google.firebase:firebase-database:20.0.5] AndroidManifest.xml:34:17-82
199            <meta-data
199-->[com.google.firebase:firebase-appcheck:16.0.0] AndroidManifest.xml:28:13-30:85
200                android:name="com.google.firebase.components:com.google.firebase.appcheck.FirebaseAppCheckRegistrar"
200-->[com.google.firebase:firebase-appcheck:16.0.0] AndroidManifest.xml:29:17-117
201                android:value="com.google.firebase.components.ComponentRegistrar" />
201-->[com.google.firebase:firebase-appcheck:16.0.0] AndroidManifest.xml:30:17-82
202            <meta-data
202-->[com.google.firebase:firebase-datatransport:18.1.4] AndroidManifest.xml:28:13-30:85
203                android:name="com.google.firebase.components:com.google.firebase.datatransport.TransportRegistrar"
203-->[com.google.firebase:firebase-datatransport:18.1.4] AndroidManifest.xml:29:17-115
204                android:value="com.google.firebase.components.ComponentRegistrar" />
204-->[com.google.firebase:firebase-datatransport:18.1.4] AndroidManifest.xml:30:17-82
205            <meta-data
205-->[com.google.firebase:firebase-config:21.1.0] AndroidManifest.xml:32:13-34:85
206                android:name="com.google.firebase.components:com.google.firebase.remoteconfig.RemoteConfigRegistrar"
206-->[com.google.firebase:firebase-config:21.1.0] AndroidManifest.xml:33:17-117
207                android:value="com.google.firebase.components.ComponentRegistrar" />
207-->[com.google.firebase:firebase-config:21.1.0] AndroidManifest.xml:34:17-82
208            <meta-data
208-->[com.google.firebase:firebase-iid:21.1.0] AndroidManifest.xml:32:13-34:85
209                android:name="com.google.firebase.components:com.google.firebase.iid.Registrar"
209-->[com.google.firebase:firebase-iid:21.1.0] AndroidManifest.xml:33:17-96
210                android:value="com.google.firebase.components.ComponentRegistrar" />
210-->[com.google.firebase:firebase-iid:21.1.0] AndroidManifest.xml:34:17-82
211            <meta-data
211-->[com.google.android.gms:play-services-measurement-api:21.0.0] AndroidManifest.xml:31:13-33:85
212                android:name="com.google.firebase.components:com.google.firebase.analytics.connector.internal.AnalyticsConnectorRegistrar"
212-->[com.google.android.gms:play-services-measurement-api:21.0.0] AndroidManifest.xml:32:17-139
213                android:value="com.google.firebase.components.ComponentRegistrar" />
213-->[com.google.android.gms:play-services-measurement-api:21.0.0] AndroidManifest.xml:33:17-82
214            <meta-data
214-->[com.google.firebase:firebase-installations:17.0.1] AndroidManifest.xml:18:13-20:85
215                android:name="com.google.firebase.components:com.google.firebase.installations.FirebaseInstallationsRegistrar"
215-->[com.google.firebase:firebase-installations:17.0.1] AndroidManifest.xml:19:17-127
216                android:value="com.google.firebase.components.ComponentRegistrar" />
216-->[com.google.firebase:firebase-installations:17.0.1] AndroidManifest.xml:20:17-82
217            <meta-data
217-->[com.google.firebase:firebase-abt:21.0.1] AndroidManifest.xml:13:13-15:85
218                android:name="com.google.firebase.components:com.google.firebase.abt.component.AbtRegistrar"
218-->[com.google.firebase:firebase-abt:21.0.1] AndroidManifest.xml:14:17-109
219                android:value="com.google.firebase.components.ComponentRegistrar" />
219-->[com.google.firebase:firebase-abt:21.0.1] AndroidManifest.xml:15:17-82
220        </service>
221        <service
221-->[:firebase_messaging] AndroidManifest.xml:12:9-15:72
222            android:name="io.flutter.plugins.firebase.messaging.FlutterFirebaseMessagingBackgroundService"
222-->[:firebase_messaging] AndroidManifest.xml:13:13-107
223            android:exported="false"
223-->[:firebase_messaging] AndroidManifest.xml:14:13-37
224            android:permission="android.permission.BIND_JOB_SERVICE" />
224-->[:firebase_messaging] AndroidManifest.xml:15:13-69
225        <service
225-->[:firebase_messaging] AndroidManifest.xml:16:9-22:19
226            android:name="io.flutter.plugins.firebase.messaging.FlutterFirebaseMessagingService"
226-->[:firebase_messaging] AndroidManifest.xml:17:13-97
227            android:exported="false" >
227-->[:firebase_messaging] AndroidManifest.xml:18:13-37
228            <intent-filter>
228-->[:firebase_messaging] AndroidManifest.xml:19:13-21:29
229                <action android:name="com.google.firebase.MESSAGING_EVENT" />
229-->[:firebase_messaging] AndroidManifest.xml:20:17-78
229-->[:firebase_messaging] AndroidManifest.xml:20:25-75
230            </intent-filter>
231        </service>
232
233        <receiver
233-->[:firebase_messaging] AndroidManifest.xml:24:9-31:20
234            android:name="io.flutter.plugins.firebase.messaging.FlutterFirebaseMessagingReceiver"
234-->[:firebase_messaging] AndroidManifest.xml:25:13-98
235            android:exported="true"
235-->[:firebase_messaging] AndroidManifest.xml:26:13-36
236            android:permission="com.google.android.c2dm.permission.SEND" >
236-->[:firebase_messaging] AndroidManifest.xml:27:13-73
237            <intent-filter>
237-->[:firebase_messaging] AndroidManifest.xml:28:13-30:29
238                <action android:name="com.google.android.c2dm.intent.RECEIVE" />
238-->[:firebase_messaging] AndroidManifest.xml:29:17-81
238-->[:firebase_messaging] AndroidManifest.xml:29:25-78
239            </intent-filter>
240        </receiver>
241
242        <provider
242-->[:firebase_messaging] AndroidManifest.xml:39:9-43:38
243            android:name="io.flutter.plugins.firebase.messaging.FlutterFirebaseMessagingInitProvider"
243-->[:firebase_messaging] AndroidManifest.xml:40:13-102
244            android:authorities="in.wealthaccrue.wealthaccrue.flutterfirebasemessaginginitprovider"
244-->[:firebase_messaging] AndroidManifest.xml:41:13-88
245            android:exported="false"
245-->[:firebase_messaging] AndroidManifest.xml:42:13-37
246            android:initOrder="99" />
246-->[:firebase_messaging] AndroidManifest.xml:43:13-35
247
248        <receiver
248-->[:flutter_local_notifications] AndroidManifest.xml:13:9-15:40
249            android:name="com.dexterous.flutterlocalnotifications.ScheduledNotificationReceiver"
249-->[:flutter_local_notifications] AndroidManifest.xml:14:13-97
250            android:exported="false" />
250-->[:flutter_local_notifications] AndroidManifest.xml:15:13-37
251        <receiver
251-->[:flutter_local_notifications] AndroidManifest.xml:16:9-25:20
252            android:name="com.dexterous.flutterlocalnotifications.ScheduledNotificationBootReceiver"
252-->[:flutter_local_notifications] AndroidManifest.xml:17:13-101
253            android:exported="false" >
253-->[:flutter_local_notifications] AndroidManifest.xml:18:13-37
254            <intent-filter>
254-->[:flutter_local_notifications] AndroidManifest.xml:19:13-24:29
255                <action android:name="android.intent.action.BOOT_COMPLETED" />
255-->[:flutter_local_notifications] AndroidManifest.xml:20:17-79
255-->[:flutter_local_notifications] AndroidManifest.xml:20:25-76
256                <action android:name="android.intent.action.MY_PACKAGE_REPLACED" />
256-->[:flutter_local_notifications] AndroidManifest.xml:21:17-84
256-->[:flutter_local_notifications] AndroidManifest.xml:21:25-81
257                <action android:name="android.intent.action.QUICKBOOT_POWERON" />
257-->[:flutter_local_notifications] AndroidManifest.xml:22:17-82
257-->[:flutter_local_notifications] AndroidManifest.xml:22:25-79
258                <action android:name="com.htc.intent.action.QUICKBOOT_POWERON" />
258-->[:flutter_local_notifications] AndroidManifest.xml:23:17-82
258-->[:flutter_local_notifications] AndroidManifest.xml:23:25-79
259            </intent-filter>
260        </receiver>
261
262        <provider
262-->[:share] AndroidManifest.xml:8:9-16:20
263            android:name="io.flutter.plugins.share.ShareFileProvider"
263-->[:share] AndroidManifest.xml:9:13-70
264            android:authorities="in.wealthaccrue.wealthaccrue.flutter.share_provider"
264-->[:share] AndroidManifest.xml:10:13-74
265            android:exported="false"
265-->[:share] AndroidManifest.xml:11:13-37